<?xml version="1.0" encoding="UTF-8"?>
<testsuite name="RecipesApplicationTest" tests="1" skipped="0" failures="0" errors="0" timestamp="2022-02-22T18:24:38" hostname="bm" time="7.719">
  <properties/>
  <testcase name="start" classname="RecipesApplicationTest" time="7.719"/>
  <system-out><![CDATA[?[1;31m
Start test 1?[0m

  .   ____          _            __ _ _
 /\\ / ___'_ __ _ _(_)_ __  __ _ \ \ \ \
( ( )\___ | '_ | '_| | '_ \/ _` | \ \ \ \
 \\/  ___)| |_)| | | | | || (_| |  ) ) ) )
  '  |____| .__|_| |_|_| |_\__, | / / / /
 =========|_|==============|___/=/_/_/_/
 :: Spring Boot ::                (v2.5.6)

2022-02-22 19:24:39.025  INFO 9967 --- [    Test worker] recipes.RecipesApplication               : Starting RecipesApplication using Java 17.0.1 on bm with PID 9967 (started by bm in /home/bm/Pulpit/code/WebDev/SpringSecurity/Recipes/Recipes/task)
2022-02-22 19:24:39.028  INFO 9967 --- [    Test worker] recipes.RecipesApplication               : No active profile set, falling back to default profiles: default
2022-02-22 19:24:40.090  INFO 9967 --- [    Test worker] .s.d.r.c.RepositoryConfigurationDelegate : Bootstrapping Spring Data JPA repositories in DEFAULT mode.
2022-02-22 19:24:40.147  INFO 9967 --- [    Test worker] .s.d.r.c.RepositoryConfigurationDelegate : Finished Spring Data repository scanning in 47 ms. Found 1 JPA repository interfaces.
2022-02-22 19:24:40.741  INFO 9967 --- [    Test worker] o.s.b.w.embedded.tomcat.TomcatWebServer  : Tomcat initialized with port(s): 8881 (http)
2022-02-22 19:24:40.753  INFO 9967 --- [    Test worker] o.apache.catalina.core.StandardService   : Starting service [Tomcat]
2022-02-22 19:24:40.754  INFO 9967 --- [    Test worker] org.apache.catalina.core.StandardEngine  : Starting Servlet engine: [Apache Tomcat/9.0.54]
2022-02-22 19:24:40.857  INFO 9967 --- [    Test worker] o.a.c.c.C.[Tomcat].[localhost].[/]       : Initializing Spring embedded WebApplicationContext
2022-02-22 19:24:40.857  INFO 9967 --- [    Test worker] w.s.c.ServletWebServerApplicationContext : Root WebApplicationContext: initialization completed in 1776 ms
2022-02-22 19:24:41.013  INFO 9967 --- [    Test worker] com.zaxxer.hikari.HikariDataSource       : HikariPool-1 - Starting...
2022-02-22 19:24:41.194  INFO 9967 --- [    Test worker] com.zaxxer.hikari.HikariDataSource       : HikariPool-1 - Start completed.
2022-02-22 19:24:41.201  INFO 9967 --- [    Test worker] o.s.b.a.h2.H2ConsoleAutoConfiguration    : H2 console available at '/h2-console'. Database available at 'jdbc:h2:file:../recipes_db'
2022-02-22 19:24:41.366  INFO 9967 --- [    Test worker] o.hibernate.jpa.internal.util.LogHelper  : HHH000204: Processing PersistenceUnitInfo [name: default]
2022-02-22 19:24:41.415  INFO 9967 --- [    Test worker] org.hibernate.Version                    : HHH000412: Hibernate ORM core version 5.4.32.Final
2022-02-22 19:24:41.568  INFO 9967 --- [    Test worker] o.hibernate.annotations.common.Version   : HCANN000001: Hibernate Commons Annotations {5.1.2.Final}
2022-02-22 19:24:41.689  INFO 9967 --- [    Test worker] org.hibernate.dialect.Dialect            : HHH000400: Using dialect: org.hibernate.dialect.H2Dialect
2022-02-22 19:24:42.346  INFO 9967 --- [    Test worker] o.h.e.t.j.p.i.JtaPlatformInitiator       : HHH000490: Using JtaPlatform implementation: [org.hibernate.engine.transaction.jta.platform.internal.NoJtaPlatform]
2022-02-22 19:24:42.354  INFO 9967 --- [    Test worker] j.LocalContainerEntityManagerFactoryBean : Initialized JPA EntityManagerFactory for persistence unit 'default'
2022-02-22 19:24:42.687  WARN 9967 --- [    Test worker] JpaBaseConfiguration$JpaWebConfiguration : spring.jpa.open-in-view is enabled by default. Therefore, database queries may be performed during view rendering. Explicitly configure spring.jpa.open-in-view to disable this warning
2022-02-22 19:24:43.111  INFO 9967 --- [    Test worker] o.s.b.a.e.web.EndpointLinksResolver      : Exposing 14 endpoint(s) beneath base path '/actuator'
2022-02-22 19:24:43.147  INFO 9967 --- [    Test worker] o.s.b.w.embedded.tomcat.TomcatWebServer  : Tomcat started on port(s): 8881 (http) with context path ''
2022-02-22 19:24:43.159  INFO 9967 --- [    Test worker] recipes.RecipesApplication               : Started RecipesApplication in 4.538 seconds (JVM running for 5.381)
2022-02-22 19:24:43.442  INFO 9967 --- [nio-8881-exec-1] o.a.c.c.C.[Tomcat].[localhost].[/]       : Initializing Spring DispatcherServlet 'dispatcherServlet'
2022-02-22 19:24:43.442  INFO 9967 --- [nio-8881-exec-1] o.s.web.servlet.DispatcherServlet        : Initializing Servlet 'dispatcherServlet'
2022-02-22 19:24:43.444  INFO 9967 --- [nio-8881-exec-1] o.s.web.servlet.DispatcherServlet        : Completed initialization in 1 ms
?[1;31m
Start test 2?[0m
?[1;31m
Start test 3?[0m
?[1;31m
Start test 4?[0m
?[1;31m
Start test 5?[0m
2022-02-22 19:24:44.227  INFO 9967 --- [       Thread-5] j.LocalContainerEntityManagerFactoryBean : Closing JPA EntityManagerFactory for persistence unit 'default'
2022-02-22 19:24:44.230  INFO 9967 --- [       Thread-5] com.zaxxer.hikari.HikariDataSource       : HikariPool-1 - Shutdown initiated...
2022-02-22 19:24:44.270  INFO 9967 --- [       Thread-5] com.zaxxer.hikari.HikariDataSource       : HikariPool-1 - Shutdown completed.

  .   ____          _            __ _ _
 /\\ / ___'_ __ _ _(_)_ __  __ _ \ \ \ \
( ( )\___ | '_ | '_| | '_ \/ _` | \ \ \ \
 \\/  ___)| |_)| | | | | || (_| |  ) ) ) )
  '  |____| .__|_| |_|_| |_\__, | / / / /
 =========|_|==============|___/=/_/_/_/
 :: Spring Boot ::                (v2.5.6)

2022-02-22 19:24:44.339  INFO 9967 --- [    Test worker] recipes.RecipesApplication               : Starting RecipesApplication using Java 17.0.1 on bm with PID 9967 (started by bm in /home/bm/Pulpit/code/WebDev/SpringSecurity/Recipes/Recipes/task)
2022-02-22 19:24:44.339  INFO 9967 --- [    Test worker] recipes.RecipesApplication               : No active profile set, falling back to default profiles: default
2022-02-22 19:24:44.606  INFO 9967 --- [    Test worker] .s.d.r.c.RepositoryConfigurationDelegate : Bootstrapping Spring Data JPA repositories in DEFAULT mode.
2022-02-22 19:24:44.611  INFO 9967 --- [    Test worker] .s.d.r.c.RepositoryConfigurationDelegate : Finished Spring Data repository scanning in 5 ms. Found 1 JPA repository interfaces.
2022-02-22 19:24:44.713  INFO 9967 --- [    Test worker] o.s.b.w.embedded.tomcat.TomcatWebServer  : Tomcat initialized with port(s): 8881 (http)
2022-02-22 19:24:44.716  INFO 9967 --- [    Test worker] o.apache.catalina.core.StandardService   : Starting service [Tomcat]
2022-02-22 19:24:44.716  INFO 9967 --- [    Test worker] org.apache.catalina.core.StandardEngine  : Starting Servlet engine: [Apache Tomcat/9.0.54]
2022-02-22 19:24:44.738  INFO 9967 --- [    Test worker] o.a.c.c.C.[Tomcat].[localhost].[/]       : Initializing Spring embedded WebApplicationContext
2022-02-22 19:24:44.738  INFO 9967 --- [    Test worker] w.s.c.ServletWebServerApplicationContext : Root WebApplicationContext: initialization completed in 395 ms
2022-02-22 19:24:44.777  INFO 9967 --- [    Test worker] com.zaxxer.hikari.HikariDataSource       : HikariPool-2 - Starting...
2022-02-22 19:24:44.785  INFO 9967 --- [    Test worker] com.zaxxer.hikari.HikariDataSource       : HikariPool-2 - Start completed.
2022-02-22 19:24:44.786  INFO 9967 --- [    Test worker] o.s.b.a.h2.H2ConsoleAutoConfiguration    : H2 console available at '/h2-console'. Database available at 'jdbc:h2:file:../recipes_db'
2022-02-22 19:24:44.830  INFO 9967 --- [    Test worker] o.hibernate.jpa.internal.util.LogHelper  : HHH000204: Processing PersistenceUnitInfo [name: default]
2022-02-22 19:24:44.834  INFO 9967 --- [    Test worker] org.hibernate.dialect.Dialect            : HHH000400: Using dialect: org.hibernate.dialect.H2Dialect
2022-02-22 19:24:44.888  INFO 9967 --- [    Test worker] o.h.e.t.j.p.i.JtaPlatformInitiator       : HHH000490: Using JtaPlatform implementation: [org.hibernate.engine.transaction.jta.platform.internal.NoJtaPlatform]
2022-02-22 19:24:44.888  INFO 9967 --- [    Test worker] j.LocalContainerEntityManagerFactoryBean : Initialized JPA EntityManagerFactory for persistence unit 'default'
2022-02-22 19:24:44.989  WARN 9967 --- [    Test worker] JpaBaseConfiguration$JpaWebConfiguration : spring.jpa.open-in-view is enabled by default. Therefore, database queries may be performed during view rendering. Explicitly configure spring.jpa.open-in-view to disable this warning
2022-02-22 19:24:45.185  INFO 9967 --- [    Test worker] o.s.b.a.e.web.EndpointLinksResolver      : Exposing 14 endpoint(s) beneath base path '/actuator'
2022-02-22 19:24:45.202  INFO 9967 --- [    Test worker] o.s.b.w.embedded.tomcat.TomcatWebServer  : Tomcat started on port(s): 8881 (http) with context path ''
2022-02-22 19:24:45.208  INFO 9967 --- [    Test worker] recipes.RecipesApplication               : Started RecipesApplication in 0.896 seconds (JVM running for 7.43)
?[1;31m
Start test 6?[0m
2022-02-22 19:24:45.218  INFO 9967 --- [nio-8881-exec-1] o.a.c.c.C.[Tomcat].[localhost].[/]       : Initializing Spring DispatcherServlet 'dispatcherServlet'
2022-02-22 19:24:45.219  INFO 9967 --- [nio-8881-exec-1] o.s.web.servlet.DispatcherServlet        : Initializing Servlet 'dispatcherServlet'
2022-02-22 19:24:45.221  INFO 9967 --- [nio-8881-exec-1] o.s.web.servlet.DispatcherServlet        : Completed initialization in 2 ms
?[1;31m
Start test 7?[0m
?[1;31m
Start test 8?[0m
?[1;31m
Start test 9?[0m
?[1;31m
Start test 10?[0m
?[1;31m
Start test 11?[0m
?[1;31m
Start test 12?[0m
?[1;31m
Start test 13?[0m
?[1;31m
Start test 14?[0m
?[1;31m
Start test 15?[0m
?[1;31m
Start test 16?[0m
?[1;31m
Start test 17?[0m
?[1;31m
Start test 18?[0m
?[1;31m
Start test 19?[0m
?[1;31m
Start test 20?[0m
?[1;31m
Start test 21?[0m
?[1;31m
Start test 22?[0m
?[1;31m
Start test 23?[0m
?[1;31m
Start test 24?[0m
?[1;31m
Start test 25?[0m
?[1;31m
Start test 26?[0m
?[1;31m
Start test 27?[0m
?[1;31m
Start test 28?[0m
?[1;31m
Start test 29?[0m
?[1;31m
Start test 30?[0m
?[1;31m
Start test 31?[0m
?[1;31m
Start test 32?[0m
?[1;31m
Start test 33?[0m
?[1;31m
Start test 34?[0m
?[1;31m
Start test 35?[0m
2022-02-22 19:24:45.885  WARN 9967 --- [io-8881-exec-10] .w.s.m.s.DefaultHandlerExceptionResolver : Resolved [org.springframework.web.bind.MethodArgumentNotValidException: Validation failed for argument [0] in org.springframework.http.ResponseEntity<recipes.dto.RecipeDtoSaved> recipes.RecipeController.addRecipe(recipes.dto.RecipeDto): [Field error in object 'recipeDto' on field 'name': rejected value [null]; codes [NotBlank.recipeDto.name,NotBlank.name,NotBlank.java.lang.String,NotBlank]; arguments [org.springframework.context.support.DefaultMessageSourceResolvable: codes [recipeDto.name,name]; arguments []; default message [name]]; default message [must not be blank]] ]
?[1;31m
Start test 36?[0m
2022-02-22 19:24:45.894  WARN 9967 --- [nio-8881-exec-1] .w.s.m.s.DefaultHandlerExceptionResolver : Resolved [org.springframework.web.bind.MethodArgumentNotValidException: Validation failed for argument [0] in org.springframework.http.ResponseEntity<recipes.dto.RecipeDtoSaved> recipes.RecipeController.addRecipe(recipes.dto.RecipeDto): [Field error in object 'recipeDto' on field 'category': rejected value [null]; codes [NotBlank.recipeDto.category,NotBlank.category,NotBlank.java.lang.String,NotBlank]; arguments [org.springframework.context.support.DefaultMessageSourceResolvable: codes [recipeDto.category,category]; arguments []; default message [category]]; default message [must not be blank]] ]
?[1;31m
Start test 37?[0m
2022-02-22 19:24:45.901  WARN 9967 --- [nio-8881-exec-2] .w.s.m.s.DefaultHandlerExceptionResolver : Resolved [org.springframework.web.bind.MethodArgumentNotValidException: Validation failed for argument [0] in org.springframework.http.ResponseEntity<recipes.dto.RecipeDtoSaved> recipes.RecipeController.addRecipe(recipes.dto.RecipeDto): [Field error in object 'recipeDto' on field 'description': rejected value [null]; codes [NotBlank.recipeDto.description,NotBlank.description,NotBlank.java.lang.String,NotBlank]; arguments [org.springframework.context.support.DefaultMessageSourceResolvable: codes [recipeDto.description,description]; arguments []; default message [description]]; default message [must not be blank]] ]
?[1;31m
Start test 38?[0m
2022-02-22 19:24:45.910  WARN 9967 --- [nio-8881-exec-3] .w.s.m.s.DefaultHandlerExceptionResolver : Resolved [org.springframework.web.bind.MethodArgumentNotValidException: Validation failed for argument [0] in org.springframework.http.ResponseEntity<recipes.dto.RecipeDtoSaved> recipes.RecipeController.addRecipe(recipes.dto.RecipeDto): [Field error in object 'recipeDto' on field 'ingredients': rejected value [null]; codes [NotEmpty.recipeDto.ingredients,NotEmpty.ingredients,NotEmpty.[Ljava.lang.String;,NotEmpty]; arguments [org.springframework.context.support.DefaultMessageSourceResolvable: codes [recipeDto.ingredients,ingredients]; arguments []; default message [ingredients]]; default message [must not be empty]] ]
?[1;31m
Start test 39?[0m
2022-02-22 19:24:45.920  WARN 9967 --- [nio-8881-exec-4] .w.s.m.s.DefaultHandlerExceptionResolver : Resolved [org.springframework.web.bind.MethodArgumentNotValidException: Validation failed for argument [0] in org.springframework.http.ResponseEntity<recipes.dto.RecipeDtoSaved> recipes.RecipeController.addRecipe(recipes.dto.RecipeDto): [Field error in object 'recipeDto' on field 'directions': rejected value [null]; codes [NotEmpty.recipeDto.directions,NotEmpty.directions,NotEmpty.[Ljava.lang.String;,NotEmpty]; arguments [org.springframework.context.support.DefaultMessageSourceResolvable: codes [recipeDto.directions,directions]; arguments []; default message [directions]]; default message [must not be empty]] ]
?[1;31m
Start test 40?[0m
2022-02-22 19:24:45.930  WARN 9967 --- [nio-8881-exec-5] .w.s.m.s.DefaultHandlerExceptionResolver : Resolved [org.springframework.web.bind.MethodArgumentNotValidException: Validation failed for argument [0] in org.springframework.http.ResponseEntity<recipes.dto.RecipeDtoSaved> recipes.RecipeController.addRecipe(recipes.dto.RecipeDto): [Field error in object 'recipeDto' on field 'name': rejected value [  ]; codes [NotBlank.recipeDto.name,NotBlank.name,NotBlank.java.lang.String,NotBlank]; arguments [org.springframework.context.support.DefaultMessageSourceResolvable: codes [recipeDto.name,name]; arguments []; default message [name]]; default message [must not be blank]] ]
?[1;31m
Start test 41?[0m
2022-02-22 19:24:45.940  WARN 9967 --- [nio-8881-exec-6] .w.s.m.s.DefaultHandlerExceptionResolver : Resolved [org.springframework.web.bind.MethodArgumentNotValidException: Validation failed for argument [0] in org.springframework.http.ResponseEntity<recipes.dto.RecipeDtoSaved> recipes.RecipeController.addRecipe(recipes.dto.RecipeDto): [Field error in object 'recipeDto' on field 'category': rejected value [  ]; codes [NotBlank.recipeDto.category,NotBlank.category,NotBlank.java.lang.String,NotBlank]; arguments [org.springframework.context.support.DefaultMessageSourceResolvable: codes [recipeDto.category,category]; arguments []; default message [category]]; default message [must not be blank]] ]
?[1;31m
Start test 42?[0m
2022-02-22 19:24:45.950  WARN 9967 --- [nio-8881-exec-7] .w.s.m.s.DefaultHandlerExceptionResolver : Resolved [org.springframework.web.bind.MethodArgumentNotValidException: Validation failed for argument [0] in org.springframework.http.ResponseEntity<recipes.dto.RecipeDtoSaved> recipes.RecipeController.addRecipe(recipes.dto.RecipeDto): [Field error in object 'recipeDto' on field 'description': rejected value [  ]; codes [NotBlank.recipeDto.description,NotBlank.description,NotBlank.java.lang.String,NotBlank]; arguments [org.springframework.context.support.DefaultMessageSourceResolvable: codes [recipeDto.description,description]; arguments []; default message [description]]; default message [must not be blank]] ]
?[1;31m
Start test 43?[0m
2022-02-22 19:24:45.960  WARN 9967 --- [nio-8881-exec-8] .w.s.m.s.DefaultHandlerExceptionResolver : Resolved [org.springframework.web.bind.MethodArgumentNotValidException: Validation failed for argument [0] in org.springframework.http.ResponseEntity<recipes.dto.RecipeDtoSaved> recipes.RecipeController.addRecipe(recipes.dto.RecipeDto): [Field error in object 'recipeDto' on field 'ingredients': rejected value [{}]; codes [NotEmpty.recipeDto.ingredients,NotEmpty.ingredients,NotEmpty.[Ljava.lang.String;,NotEmpty]; arguments [org.springframework.context.support.DefaultMessageSourceResolvable: codes [recipeDto.ingredients,ingredients]; arguments []; default message [ingredients]]; default message [must not be empty]] ]
?[1;31m
Start test 44?[0m
2022-02-22 19:24:45.971  WARN 9967 --- [nio-8881-exec-9] .w.s.m.s.DefaultHandlerExceptionResolver : Resolved [org.springframework.web.bind.MethodArgumentNotValidException: Validation failed for argument [0] in org.springframework.http.ResponseEntity<recipes.dto.RecipeDtoSaved> recipes.RecipeController.addRecipe(recipes.dto.RecipeDto): [Field error in object 'recipeDto' on field 'directions': rejected value [{}]; codes [NotEmpty.recipeDto.directions,NotEmpty.directions,NotEmpty.[Ljava.lang.String;,NotEmpty]; arguments [org.springframework.context.support.DefaultMessageSourceResolvable: codes [recipeDto.directions,directions]; arguments []; default message [directions]]; default message [must not be empty]] ]
?[1;31m
Start test 45?[0m
2022-02-22 19:24:45.978  WARN 9967 --- [io-8881-exec-10] .w.s.m.s.DefaultHandlerExceptionResolver : Resolved [org.springframework.web.bind.MethodArgumentNotValidException: Validation failed for argument [1] in org.springframework.http.ResponseEntity<recipes.dto.RecipeDto> recipes.RecipeController.editRecipe(java.lang.Long,recipes.dto.RecipeDto): [Field error in object 'recipeDto' on field 'name': rejected value [null]; codes [NotBlank.recipeDto.name,NotBlank.name,NotBlank.java.lang.String,NotBlank]; arguments [org.springframework.context.support.DefaultMessageSourceResolvable: codes [recipeDto.name,name]; arguments []; default message [name]]; default message [must not be blank]] ]
?[1;31m
Start test 46?[0m
2022-02-22 19:24:45.989  WARN 9967 --- [nio-8881-exec-1] .w.s.m.s.DefaultHandlerExceptionResolver : Resolved [org.springframework.web.bind.MethodArgumentNotValidException: Validation failed for argument [1] in org.springframework.http.ResponseEntity<recipes.dto.RecipeDto> recipes.RecipeController.editRecipe(java.lang.Long,recipes.dto.RecipeDto): [Field error in object 'recipeDto' on field 'category': rejected value [null]; codes [NotBlank.recipeDto.category,NotBlank.category,NotBlank.java.lang.String,NotBlank]; arguments [org.springframework.context.support.DefaultMessageSourceResolvable: codes [recipeDto.category,category]; arguments []; default message [category]]; default message [must not be blank]] ]
?[1;31m
Start test 47?[0m
2022-02-22 19:24:45.997  WARN 9967 --- [nio-8881-exec-2] .w.s.m.s.DefaultHandlerExceptionResolver : Resolved [org.springframework.web.bind.MethodArgumentNotValidException: Validation failed for argument [1] in org.springframework.http.ResponseEntity<recipes.dto.RecipeDto> recipes.RecipeController.editRecipe(java.lang.Long,recipes.dto.RecipeDto): [Field error in object 'recipeDto' on field 'description': rejected value [null]; codes [NotBlank.recipeDto.description,NotBlank.description,NotBlank.java.lang.String,NotBlank]; arguments [org.springframework.context.support.DefaultMessageSourceResolvable: codes [recipeDto.description,description]; arguments []; default message [description]]; default message [must not be blank]] ]
?[1;31m
Start test 48?[0m
2022-02-22 19:24:46.006  WARN 9967 --- [nio-8881-exec-3] .w.s.m.s.DefaultHandlerExceptionResolver : Resolved [org.springframework.web.bind.MethodArgumentNotValidException: Validation failed for argument [1] in org.springframework.http.ResponseEntity<recipes.dto.RecipeDto> recipes.RecipeController.editRecipe(java.lang.Long,recipes.dto.RecipeDto): [Field error in object 'recipeDto' on field 'ingredients': rejected value [null]; codes [NotEmpty.recipeDto.ingredients,NotEmpty.ingredients,NotEmpty.[Ljava.lang.String;,NotEmpty]; arguments [org.springframework.context.support.DefaultMessageSourceResolvable: codes [recipeDto.ingredients,ingredients]; arguments []; default message [ingredients]]; default message [must not be empty]] ]
?[1;31m
Start test 49?[0m
2022-02-22 19:24:46.016  WARN 9967 --- [nio-8881-exec-4] .w.s.m.s.DefaultHandlerExceptionResolver : Resolved [org.springframework.web.bind.MethodArgumentNotValidException: Validation failed for argument [1] in org.springframework.http.ResponseEntity<recipes.dto.RecipeDto> recipes.RecipeController.editRecipe(java.lang.Long,recipes.dto.RecipeDto): [Field error in object 'recipeDto' on field 'directions': rejected value [null]; codes [NotEmpty.recipeDto.directions,NotEmpty.directions,NotEmpty.[Ljava.lang.String;,NotEmpty]; arguments [org.springframework.context.support.DefaultMessageSourceResolvable: codes [recipeDto.directions,directions]; arguments []; default message [directions]]; default message [must not be empty]] ]
?[1;31m
Start test 50?[0m
2022-02-22 19:24:46.026  WARN 9967 --- [nio-8881-exec-5] .w.s.m.s.DefaultHandlerExceptionResolver : Resolved [org.springframework.web.bind.MethodArgumentNotValidException: Validation failed for argument [1] in org.springframework.http.ResponseEntity<recipes.dto.RecipeDto> recipes.RecipeController.editRecipe(java.lang.Long,recipes.dto.RecipeDto): [Field error in object 'recipeDto' on field 'name': rejected value [  ]; codes [NotBlank.recipeDto.name,NotBlank.name,NotBlank.java.lang.String,NotBlank]; arguments [org.springframework.context.support.DefaultMessageSourceResolvable: codes [recipeDto.name,name]; arguments []; default message [name]]; default message [must not be blank]] ]
?[1;31m
Start test 51?[0m
2022-02-22 19:24:46.036  WARN 9967 --- [nio-8881-exec-6] .w.s.m.s.DefaultHandlerExceptionResolver : Resolved [org.springframework.web.bind.MethodArgumentNotValidException: Validation failed for argument [1] in org.springframework.http.ResponseEntity<recipes.dto.RecipeDto> recipes.RecipeController.editRecipe(java.lang.Long,recipes.dto.RecipeDto): [Field error in object 'recipeDto' on field 'category': rejected value [  ]; codes [NotBlank.recipeDto.category,NotBlank.category,NotBlank.java.lang.String,NotBlank]; arguments [org.springframework.context.support.DefaultMessageSourceResolvable: codes [recipeDto.category,category]; arguments []; default message [category]]; default message [must not be blank]] ]
?[1;31m
Start test 52?[0m
2022-02-22 19:24:46.045  WARN 9967 --- [nio-8881-exec-7] .w.s.m.s.DefaultHandlerExceptionResolver : Resolved [org.springframework.web.bind.MethodArgumentNotValidException: Validation failed for argument [1] in org.springframework.http.ResponseEntity<recipes.dto.RecipeDto> recipes.RecipeController.editRecipe(java.lang.Long,recipes.dto.RecipeDto): [Field error in object 'recipeDto' on field 'description': rejected value [  ]; codes [NotBlank.recipeDto.description,NotBlank.description,NotBlank.java.lang.String,NotBlank]; arguments [org.springframework.context.support.DefaultMessageSourceResolvable: codes [recipeDto.description,description]; arguments []; default message [description]]; default message [must not be blank]] ]
?[1;31m
Start test 53?[0m
2022-02-22 19:24:46.054  WARN 9967 --- [nio-8881-exec-8] .w.s.m.s.DefaultHandlerExceptionResolver : Resolved [org.springframework.web.bind.MethodArgumentNotValidException: Validation failed for argument [1] in org.springframework.http.ResponseEntity<recipes.dto.RecipeDto> recipes.RecipeController.editRecipe(java.lang.Long,recipes.dto.RecipeDto): [Field error in object 'recipeDto' on field 'ingredients': rejected value [{}]; codes [NotEmpty.recipeDto.ingredients,NotEmpty.ingredients,NotEmpty.[Ljava.lang.String;,NotEmpty]; arguments [org.springframework.context.support.DefaultMessageSourceResolvable: codes [recipeDto.ingredients,ingredients]; arguments []; default message [ingredients]]; default message [must not be empty]] ]
?[1;31m
Start test 54?[0m
2022-02-22 19:24:46.063  WARN 9967 --- [nio-8881-exec-9] .w.s.m.s.DefaultHandlerExceptionResolver : Resolved [org.springframework.web.bind.MethodArgumentNotValidException: Validation failed for argument [1] in org.springframework.http.ResponseEntity<recipes.dto.RecipeDto> recipes.RecipeController.editRecipe(java.lang.Long,recipes.dto.RecipeDto): [Field error in object 'recipeDto' on field 'directions': rejected value [{}]; codes [NotEmpty.recipeDto.directions,NotEmpty.directions,NotEmpty.[Ljava.lang.String;,NotEmpty]; arguments [org.springframework.context.support.DefaultMessageSourceResolvable: codes [recipeDto.directions,directions]; arguments []; default message [directions]]; default message [must not be empty]] ]
]]></system-out>
  <system-err><![CDATA[]]></system-err>
</testsuite>
