<?xml version="1.0" encoding="UTF-8"?>
<testsuite name="RecipesApplicationTest" tests="1" skipped="0" failures="0" errors="0" timestamp="2022-02-26T15:16:26" hostname="bm" time="13.117">
  <properties/>
  <testcase name="start" classname="RecipesApplicationTest" time="13.117"/>
  <system-out><![CDATA[?[1;31m
Start test 1?[0m

  .   ____          _            __ _ _
 /\\ / ___'_ __ _ _(_)_ __  __ _ \ \ \ \
( ( )\___ | '_ | '_| | '_ \/ _` | \ \ \ \
 \\/  ___)| |_)| | | | | || (_| |  ) ) ) )
  '  |____| .__|_| |_|_| |_\__, | / / / /
 =========|_|==============|___/=/_/_/_/
 :: Spring Boot ::                (v2.5.6)

2022-02-26 16:16:27.037  INFO 17653 --- [    Test worker] recipes.RecipesApplication               : Starting RecipesApplication using Java 17.0.1 on bm with PID 17653 (started by bm in /home/bm/Pulpit/code/WebDev/SpringSecurity/Recipes/Recipes/task)
2022-02-26 16:16:27.039  INFO 17653 --- [    Test worker] recipes.RecipesApplication               : No active profile set, falling back to default profiles: default
2022-02-26 16:16:27.926  INFO 17653 --- [    Test worker] .s.d.r.c.RepositoryConfigurationDelegate : Bootstrapping Spring Data JPA repositories in DEFAULT mode.
2022-02-26 16:16:27.974  INFO 17653 --- [    Test worker] .s.d.r.c.RepositoryConfigurationDelegate : Finished Spring Data repository scanning in 41 ms. Found 2 JPA repository interfaces.
2022-02-26 16:16:28.277  INFO 17653 --- [    Test worker] trationDelegate$BeanPostProcessorChecker : Bean 'org.springframework.security.access.expression.method.DefaultMethodSecurityExpressionHandler@58fbd02e' of type [org.springframework.security.access.expression.method.DefaultMethodSecurityExpressionHandler] is not eligible for getting processed by all BeanPostProcessors (for example: not eligible for auto-proxying)
2022-02-26 16:16:28.281  INFO 17653 --- [    Test worker] trationDelegate$BeanPostProcessorChecker : Bean 'methodSecurityMetadataSource' of type [org.springframework.security.access.method.DelegatingMethodSecurityMetadataSource] is not eligible for getting processed by all BeanPostProcessors (for example: not eligible for auto-proxying)
2022-02-26 16:16:28.487  INFO 17653 --- [    Test worker] o.s.b.w.embedded.tomcat.TomcatWebServer  : Tomcat initialized with port(s): 8881 (http)
2022-02-26 16:16:28.496  INFO 17653 --- [    Test worker] o.apache.catalina.core.StandardService   : Starting service [Tomcat]
2022-02-26 16:16:28.496  INFO 17653 --- [    Test worker] org.apache.catalina.core.StandardEngine  : Starting Servlet engine: [Apache Tomcat/9.0.54]
2022-02-26 16:16:28.568  INFO 17653 --- [    Test worker] o.a.c.c.C.[Tomcat].[localhost].[/]       : Initializing Spring embedded WebApplicationContext
2022-02-26 16:16:28.569  INFO 17653 --- [    Test worker] w.s.c.ServletWebServerApplicationContext : Root WebApplicationContext: initialization completed in 1490 ms
2022-02-26 16:16:28.697  INFO 17653 --- [    Test worker] com.zaxxer.hikari.HikariDataSource       : HikariPool-1 - Starting...
2022-02-26 16:16:28.834  INFO 17653 --- [    Test worker] com.zaxxer.hikari.HikariDataSource       : HikariPool-1 - Start completed.
2022-02-26 16:16:28.839  INFO 17653 --- [    Test worker] o.s.b.a.h2.H2ConsoleAutoConfiguration    : H2 console available at '/h2-console'. Database available at 'jdbc:h2:file:../recipes_db'
2022-02-26 16:16:28.968  INFO 17653 --- [    Test worker] o.hibernate.jpa.internal.util.LogHelper  : HHH000204: Processing PersistenceUnitInfo [name: default]
2022-02-26 16:16:29.007  INFO 17653 --- [    Test worker] org.hibernate.Version                    : HHH000412: Hibernate ORM core version 5.4.32.Final
2022-02-26 16:16:29.106  INFO 17653 --- [    Test worker] o.hibernate.annotations.common.Version   : HCANN000001: Hibernate Commons Annotations {5.1.2.Final}
2022-02-26 16:16:29.196  INFO 17653 --- [    Test worker] org.hibernate.dialect.Dialect            : HHH000400: Using dialect: org.hibernate.dialect.H2Dialect
2022-02-26 16:16:29.766  INFO 17653 --- [    Test worker] o.h.e.t.j.p.i.JtaPlatformInitiator       : HHH000490: Using JtaPlatform implementation: [org.hibernate.engine.transaction.jta.platform.internal.NoJtaPlatform]
2022-02-26 16:16:29.773  INFO 17653 --- [    Test worker] j.LocalContainerEntityManagerFactoryBean : Initialized JPA EntityManagerFactory for persistence unit 'default'
2022-02-26 16:16:30.148  WARN 17653 --- [    Test worker] JpaBaseConfiguration$JpaWebConfiguration : spring.jpa.open-in-view is enabled by default. Therefore, database queries may be performed during view rendering. Explicitly configure spring.jpa.open-in-view to disable this warning
2022-02-26 16:16:30.280  INFO 17653 --- [    Test worker] o.s.s.web.DefaultSecurityFilterChain     : Will secure any request with [org.springframework.security.web.context.request.async.WebAsyncManagerIntegrationFilter@229c4d34, org.springframework.security.web.context.SecurityContextPersistenceFilter@4964d801, org.springframework.security.web.header.HeaderWriterFilter@32bae609, org.springframework.security.web.authentication.logout.LogoutFilter@67afc9b6, org.springframework.security.web.authentication.www.BasicAuthenticationFilter@6046fba0, org.springframework.security.web.savedrequest.RequestCacheAwareFilter@2caa9666, org.springframework.security.web.servletapi.SecurityContextHolderAwareRequestFilter@643a73fa, org.springframework.security.web.authentication.AnonymousAuthenticationFilter@5b49b1df, org.springframework.security.web.session.SessionManagementFilter@736a8aea, org.springframework.security.web.access.ExceptionTranslationFilter@8eeb4c5, org.springframework.security.web.access.intercept.FilterSecurityInterceptor@58189132]
2022-02-26 16:16:30.697  INFO 17653 --- [    Test worker] o.s.b.a.e.web.EndpointLinksResolver      : Exposing 14 endpoint(s) beneath base path '/actuator'
2022-02-26 16:16:30.742  INFO 17653 --- [    Test worker] o.s.b.w.embedded.tomcat.TomcatWebServer  : Tomcat started on port(s): 8881 (http) with context path ''
2022-02-26 16:16:30.753  INFO 17653 --- [    Test worker] recipes.RecipesApplication               : Started RecipesApplication in 3.994 seconds (JVM running for 4.635)
2022-02-26 16:16:31.006  INFO 17653 --- [nio-8881-exec-1] o.a.c.c.C.[Tomcat].[localhost].[/]       : Initializing Spring DispatcherServlet 'dispatcherServlet'
2022-02-26 16:16:31.006  INFO 17653 --- [nio-8881-exec-1] o.s.web.servlet.DispatcherServlet        : Initializing Servlet 'dispatcherServlet'
2022-02-26 16:16:31.008  INFO 17653 --- [nio-8881-exec-1] o.s.web.servlet.DispatcherServlet        : Completed initialization in 1 ms
?[1;31m
Start test 2?[0m
?[1;31m
Start test 3?[0m
?[1;31m
Start test 4?[0m
?[1;31m
Start test 5?[0m
?[1;31m
Start test 6?[0m
2022-02-26 16:16:31.615  WARN 17653 --- [nio-8881-exec-6] .w.s.m.s.DefaultHandlerExceptionResolver : Resolved [org.springframework.web.bind.MethodArgumentNotValidException: Validation failed for argument [0] in public org.springframework.http.ResponseEntity<recipes.user.dto.UserDto> recipes.user.UserController.register(recipes.user.dto.UserDto): [Field error in object 'userDto' on field 'email': rejected value [Test4test.com]; codes [Email.userDto.email,Email.email,Email.java.lang.String,Email]; arguments [org.springframework.context.support.DefaultMessageSourceResolvable: codes [userDto.email,email]; arguments []; default message [email],[Ljavax.validation.constraints.Pattern$Flag;@7e599b7e,.*]; default message [must be a well-formed email address]] ]
?[1;31m
Start test 7?[0m
2022-02-26 16:16:31.631  WARN 17653 --- [nio-8881-exec-7] .w.s.m.s.DefaultHandlerExceptionResolver : Resolved [org.springframework.web.bind.MethodArgumentNotValidException: Validation failed for argument [0] in public org.springframework.http.ResponseEntity<recipes.user.dto.UserDto> recipes.user.UserController.register(recipes.user.dto.UserDto): [Field error in object 'userDto' on field 'password': rejected value [Test555]; codes [Size.userDto.password,Size.password,Size.java.lang.String,Size]; arguments [org.springframework.context.support.DefaultMessageSourceResolvable: codes [userDto.password,password]; arguments []; default message [password],2147483647,8]; default message [size must be between 8 and 2147483647]] ]
?[1;31m
Start test 8?[0m
2022-02-26 16:16:31.647  WARN 17653 --- [nio-8881-exec-8] .w.s.m.s.DefaultHandlerExceptionResolver : Resolved [org.springframework.web.bind.MethodArgumentNotValidException: Validation failed for argument [0] in public org.springframework.http.ResponseEntity<recipes.user.dto.UserDto> recipes.user.UserController.register(recipes.user.dto.UserDto): [Field error in object 'userDto' on field 'password': rejected value [        ]; codes [NotBlank.userDto.password,NotBlank.password,NotBlank.java.lang.String,NotBlank]; arguments [org.springframework.context.support.DefaultMessageSourceResolvable: codes [userDto.password,password]; arguments []; default message [password]]; default message [must not be blank]] ]
?[1;31m
Start test 9?[0m
?[1;31m
Start test 10?[0m
?[1;31m
Start test 11?[0m
?[1;31m
Start test 12?[0m
?[1;31m
Start test 13?[0m
2022-02-26 16:16:32.637  INFO 17653 --- [       Thread-5] j.LocalContainerEntityManagerFactoryBean : Closing JPA EntityManagerFactory for persistence unit 'default'
2022-02-26 16:16:32.639  INFO 17653 --- [       Thread-5] com.zaxxer.hikari.HikariDataSource       : HikariPool-1 - Shutdown initiated...
2022-02-26 16:16:32.686  INFO 17653 --- [       Thread-5] com.zaxxer.hikari.HikariDataSource       : HikariPool-1 - Shutdown completed.

  .   ____          _            __ _ _
 /\\ / ___'_ __ _ _(_)_ __  __ _ \ \ \ \
( ( )\___ | '_ | '_| | '_ \/ _` | \ \ \ \
 \\/  ___)| |_)| | | | | || (_| |  ) ) ) )
  '  |____| .__|_| |_|_| |_\__, | / / / /
 =========|_|==============|___/=/_/_/_/
 :: Spring Boot ::                (v2.5.6)

2022-02-26 16:16:32.748  INFO 17653 --- [    Test worker] recipes.RecipesApplication               : Starting RecipesApplication using Java 17.0.1 on bm with PID 17653 (started by bm in /home/bm/Pulpit/code/WebDev/SpringSecurity/Recipes/Recipes/task)
2022-02-26 16:16:32.748  INFO 17653 --- [    Test worker] recipes.RecipesApplication               : No active profile set, falling back to default profiles: default
2022-02-26 16:16:32.927  INFO 17653 --- [    Test worker] .s.d.r.c.RepositoryConfigurationDelegate : Bootstrapping Spring Data JPA repositories in DEFAULT mode.
2022-02-26 16:16:32.938  INFO 17653 --- [    Test worker] .s.d.r.c.RepositoryConfigurationDelegate : Finished Spring Data repository scanning in 6 ms. Found 2 JPA repository interfaces.
2022-02-26 16:16:33.003  INFO 17653 --- [    Test worker] trationDelegate$BeanPostProcessorChecker : Bean 'org.springframework.security.access.expression.method.DefaultMethodSecurityExpressionHandler@3fc064cb' of type [org.springframework.security.access.expression.method.DefaultMethodSecurityExpressionHandler] is not eligible for getting processed by all BeanPostProcessors (for example: not eligible for auto-proxying)
2022-02-26 16:16:33.004  INFO 17653 --- [    Test worker] trationDelegate$BeanPostProcessorChecker : Bean 'methodSecurityMetadataSource' of type [org.springframework.security.access.method.DelegatingMethodSecurityMetadataSource] is not eligible for getting processed by all BeanPostProcessors (for example: not eligible for auto-proxying)
2022-02-26 16:16:33.033  INFO 17653 --- [    Test worker] o.s.b.w.embedded.tomcat.TomcatWebServer  : Tomcat initialized with port(s): 8881 (http)
2022-02-26 16:16:33.033  INFO 17653 --- [    Test worker] o.apache.catalina.core.StandardService   : Starting service [Tomcat]
2022-02-26 16:16:33.034  INFO 17653 --- [    Test worker] org.apache.catalina.core.StandardEngine  : Starting Servlet engine: [Apache Tomcat/9.0.54]
2022-02-26 16:16:33.043  INFO 17653 --- [    Test worker] o.a.c.c.C.[Tomcat].[localhost].[/]       : Initializing Spring embedded WebApplicationContext
2022-02-26 16:16:33.044  INFO 17653 --- [    Test worker] w.s.c.ServletWebServerApplicationContext : Root WebApplicationContext: initialization completed in 294 ms
2022-02-26 16:16:33.076  INFO 17653 --- [    Test worker] com.zaxxer.hikari.HikariDataSource       : HikariPool-2 - Starting...
2022-02-26 16:16:33.082  INFO 17653 --- [    Test worker] com.zaxxer.hikari.HikariDataSource       : HikariPool-2 - Start completed.
2022-02-26 16:16:33.082  INFO 17653 --- [    Test worker] o.s.b.a.h2.H2ConsoleAutoConfiguration    : H2 console available at '/h2-console'. Database available at 'jdbc:h2:file:../recipes_db'
2022-02-26 16:16:33.119  INFO 17653 --- [    Test worker] o.hibernate.jpa.internal.util.LogHelper  : HHH000204: Processing PersistenceUnitInfo [name: default]
2022-02-26 16:16:33.122  INFO 17653 --- [    Test worker] org.hibernate.dialect.Dialect            : HHH000400: Using dialect: org.hibernate.dialect.H2Dialect
2022-02-26 16:16:33.198  INFO 17653 --- [    Test worker] o.h.e.t.j.p.i.JtaPlatformInitiator       : HHH000490: Using JtaPlatform implementation: [org.hibernate.engine.transaction.jta.platform.internal.NoJtaPlatform]
2022-02-26 16:16:33.198  INFO 17653 --- [    Test worker] j.LocalContainerEntityManagerFactoryBean : Initialized JPA EntityManagerFactory for persistence unit 'default'
2022-02-26 16:16:33.279  WARN 17653 --- [    Test worker] JpaBaseConfiguration$JpaWebConfiguration : spring.jpa.open-in-view is enabled by default. Therefore, database queries may be performed during view rendering. Explicitly configure spring.jpa.open-in-view to disable this warning
2022-02-26 16:16:33.303  INFO 17653 --- [    Test worker] o.s.s.web.DefaultSecurityFilterChain     : Will secure any request with [org.springframework.security.web.context.request.async.WebAsyncManagerIntegrationFilter@524945e2, org.springframework.security.web.context.SecurityContextPersistenceFilter@2b43eb71, org.springframework.security.web.header.HeaderWriterFilter@7c8537e9, org.springframework.security.web.authentication.logout.LogoutFilter@35ab0bf3, org.springframework.security.web.authentication.www.BasicAuthenticationFilter@7701b695, org.springframework.security.web.savedrequest.RequestCacheAwareFilter@2f32fe68, org.springframework.security.web.servletapi.SecurityContextHolderAwareRequestFilter@1007954a, org.springframework.security.web.authentication.AnonymousAuthenticationFilter@73b63917, org.springframework.security.web.session.SessionManagementFilter@21e60eed, org.springframework.security.web.access.ExceptionTranslationFilter@3670af2b, org.springframework.security.web.access.intercept.FilterSecurityInterceptor@d1b9dd7]
2022-02-26 16:16:33.463  INFO 17653 --- [    Test worker] o.s.b.a.e.web.EndpointLinksResolver      : Exposing 14 endpoint(s) beneath base path '/actuator'
2022-02-26 16:16:33.477  INFO 17653 --- [    Test worker] o.s.b.w.embedded.tomcat.TomcatWebServer  : Tomcat started on port(s): 8881 (http) with context path ''
2022-02-26 16:16:33.483  INFO 17653 --- [    Test worker] recipes.RecipesApplication               : Started RecipesApplication in 0.761 seconds (JVM running for 7.365)
?[1;31m
Start test 14?[0m
2022-02-26 16:16:33.490  INFO 17653 --- [nio-8881-exec-1] o.a.c.c.C.[Tomcat].[localhost].[/]       : Initializing Spring DispatcherServlet 'dispatcherServlet'
2022-02-26 16:16:33.490  INFO 17653 --- [nio-8881-exec-1] o.s.web.servlet.DispatcherServlet        : Initializing Servlet 'dispatcherServlet'
2022-02-26 16:16:33.491  INFO 17653 --- [nio-8881-exec-1] o.s.web.servlet.DispatcherServlet        : Completed initialization in 1 ms
?[1;31m
Start test 15?[0m
?[1;31m
Start test 16?[0m
?[1;31m
Start test 17?[0m
?[1;31m
Start test 18?[0m
?[1;31m
Start test 19?[0m
?[1;31m
Start test 20?[0m
?[1;31m
Start test 21?[0m
?[1;31m
Start test 22?[0m
?[1;31m
Start test 23?[0m
?[1;31m
Start test 24?[0m
?[1;31m
Start test 25?[0m
?[1;31m
Start test 26?[0m
?[1;31m
Start test 27?[0m
?[1;31m
Start test 28?[0m
?[1;31m
Start test 29?[0m
?[1;31m
Start test 30?[0m
?[1;31m
Start test 31?[0m
?[1;31m
Start test 32?[0m
?[1;31m
Start test 33?[0m
?[1;31m
Start test 34?[0m
?[1;31m
Start test 35?[0m
?[1;31m
Start test 36?[0m
?[1;31m
Start test 37?[0m
?[1;31m
Start test 38?[0m
?[1;31m
Start test 39?[0m
?[1;31m
Start test 40?[0m
?[1;31m
Start test 41?[0m
?[1;31m
Start test 42?[0m
?[1;31m
Start test 43?[0m
2022-02-26 16:16:36.004  WARN 17653 --- [io-8881-exec-10] .w.s.m.s.DefaultHandlerExceptionResolver : Resolved [org.springframework.web.bind.MethodArgumentNotValidException: Validation failed for argument [0] in org.springframework.http.ResponseEntity<recipes.recipe.dto.RecipeDtoSaved> recipes.recipe.RecipeController.addRecipe(recipes.recipe.dto.RecipeDto,org.springframework.security.core.userdetails.UserDetails): [Field error in object 'recipeDto' on field 'name': rejected value [null]; codes [NotBlank.recipeDto.name,NotBlank.name,NotBlank.java.lang.String,NotBlank]; arguments [org.springframework.context.support.DefaultMessageSourceResolvable: codes [recipeDto.name,name]; arguments []; default message [name]]; default message [must not be blank]] ]
?[1;31m
Start test 44?[0m
2022-02-26 16:16:36.080  WARN 17653 --- [nio-8881-exec-1] .w.s.m.s.DefaultHandlerExceptionResolver : Resolved [org.springframework.web.bind.MethodArgumentNotValidException: Validation failed for argument [0] in org.springframework.http.ResponseEntity<recipes.recipe.dto.RecipeDtoSaved> recipes.recipe.RecipeController.addRecipe(recipes.recipe.dto.RecipeDto,org.springframework.security.core.userdetails.UserDetails): [Field error in object 'recipeDto' on field 'category': rejected value [null]; codes [NotBlank.recipeDto.category,NotBlank.category,NotBlank.java.lang.String,NotBlank]; arguments [org.springframework.context.support.DefaultMessageSourceResolvable: codes [recipeDto.category,category]; arguments []; default message [category]]; default message [must not be blank]] ]
?[1;31m
Start test 45?[0m
2022-02-26 16:16:36.158  WARN 17653 --- [nio-8881-exec-2] .w.s.m.s.DefaultHandlerExceptionResolver : Resolved [org.springframework.web.bind.MethodArgumentNotValidException: Validation failed for argument [0] in org.springframework.http.ResponseEntity<recipes.recipe.dto.RecipeDtoSaved> recipes.recipe.RecipeController.addRecipe(recipes.recipe.dto.RecipeDto,org.springframework.security.core.userdetails.UserDetails): [Field error in object 'recipeDto' on field 'description': rejected value [null]; codes [NotBlank.recipeDto.description,NotBlank.description,NotBlank.java.lang.String,NotBlank]; arguments [org.springframework.context.support.DefaultMessageSourceResolvable: codes [recipeDto.description,description]; arguments []; default message [description]]; default message [must not be blank]] ]
?[1;31m
Start test 46?[0m
2022-02-26 16:16:36.229  WARN 17653 --- [nio-8881-exec-3] .w.s.m.s.DefaultHandlerExceptionResolver : Resolved [org.springframework.web.bind.MethodArgumentNotValidException: Validation failed for argument [0] in org.springframework.http.ResponseEntity<recipes.recipe.dto.RecipeDtoSaved> recipes.recipe.RecipeController.addRecipe(recipes.recipe.dto.RecipeDto,org.springframework.security.core.userdetails.UserDetails): [Field error in object 'recipeDto' on field 'ingredients': rejected value [null]; codes [NotEmpty.recipeDto.ingredients,NotEmpty.ingredients,NotEmpty.[Ljava.lang.String;,NotEmpty]; arguments [org.springframework.context.support.DefaultMessageSourceResolvable: codes [recipeDto.ingredients,ingredients]; arguments []; default message [ingredients]]; default message [must not be empty]] ]
?[1;31m
Start test 47?[0m
2022-02-26 16:16:36.305  WARN 17653 --- [nio-8881-exec-4] .w.s.m.s.DefaultHandlerExceptionResolver : Resolved [org.springframework.web.bind.MethodArgumentNotValidException: Validation failed for argument [0] in org.springframework.http.ResponseEntity<recipes.recipe.dto.RecipeDtoSaved> recipes.recipe.RecipeController.addRecipe(recipes.recipe.dto.RecipeDto,org.springframework.security.core.userdetails.UserDetails): [Field error in object 'recipeDto' on field 'directions': rejected value [null]; codes [NotEmpty.recipeDto.directions,NotEmpty.directions,NotEmpty.[Ljava.lang.String;,NotEmpty]; arguments [org.springframework.context.support.DefaultMessageSourceResolvable: codes [recipeDto.directions,directions]; arguments []; default message [directions]]; default message [must not be empty]] ]
?[1;31m
Start test 48?[0m
2022-02-26 16:16:36.380  WARN 17653 --- [nio-8881-exec-5] .w.s.m.s.DefaultHandlerExceptionResolver : Resolved [org.springframework.web.bind.MethodArgumentNotValidException: Validation failed for argument [0] in org.springframework.http.ResponseEntity<recipes.recipe.dto.RecipeDtoSaved> recipes.recipe.RecipeController.addRecipe(recipes.recipe.dto.RecipeDto,org.springframework.security.core.userdetails.UserDetails): [Field error in object 'recipeDto' on field 'name': rejected value [  ]; codes [NotBlank.recipeDto.name,NotBlank.name,NotBlank.java.lang.String,NotBlank]; arguments [org.springframework.context.support.DefaultMessageSourceResolvable: codes [recipeDto.name,name]; arguments []; default message [name]]; default message [must not be blank]] ]
?[1;31m
Start test 49?[0m
2022-02-26 16:16:36.451  WARN 17653 --- [nio-8881-exec-6] .w.s.m.s.DefaultHandlerExceptionResolver : Resolved [org.springframework.web.bind.MethodArgumentNotValidException: Validation failed for argument [0] in org.springframework.http.ResponseEntity<recipes.recipe.dto.RecipeDtoSaved> recipes.recipe.RecipeController.addRecipe(recipes.recipe.dto.RecipeDto,org.springframework.security.core.userdetails.UserDetails): [Field error in object 'recipeDto' on field 'category': rejected value [  ]; codes [NotBlank.recipeDto.category,NotBlank.category,NotBlank.java.lang.String,NotBlank]; arguments [org.springframework.context.support.DefaultMessageSourceResolvable: codes [recipeDto.category,category]; arguments []; default message [category]]; default message [must not be blank]] ]
?[1;31m
Start test 50?[0m
2022-02-26 16:16:36.528  WARN 17653 --- [nio-8881-exec-7] .w.s.m.s.DefaultHandlerExceptionResolver : Resolved [org.springframework.web.bind.MethodArgumentNotValidException: Validation failed for argument [0] in org.springframework.http.ResponseEntity<recipes.recipe.dto.RecipeDtoSaved> recipes.recipe.RecipeController.addRecipe(recipes.recipe.dto.RecipeDto,org.springframework.security.core.userdetails.UserDetails): [Field error in object 'recipeDto' on field 'description': rejected value [  ]; codes [NotBlank.recipeDto.description,NotBlank.description,NotBlank.java.lang.String,NotBlank]; arguments [org.springframework.context.support.DefaultMessageSourceResolvable: codes [recipeDto.description,description]; arguments []; default message [description]]; default message [must not be blank]] ]
?[1;31m
Start test 51?[0m
2022-02-26 16:16:36.596  WARN 17653 --- [nio-8881-exec-8] .w.s.m.s.DefaultHandlerExceptionResolver : Resolved [org.springframework.web.bind.MethodArgumentNotValidException: Validation failed for argument [0] in org.springframework.http.ResponseEntity<recipes.recipe.dto.RecipeDtoSaved> recipes.recipe.RecipeController.addRecipe(recipes.recipe.dto.RecipeDto,org.springframework.security.core.userdetails.UserDetails): [Field error in object 'recipeDto' on field 'ingredients': rejected value [{}]; codes [NotEmpty.recipeDto.ingredients,NotEmpty.ingredients,NotEmpty.[Ljava.lang.String;,NotEmpty]; arguments [org.springframework.context.support.DefaultMessageSourceResolvable: codes [recipeDto.ingredients,ingredients]; arguments []; default message [ingredients]]; default message [must not be empty]] ]
?[1;31m
Start test 52?[0m
2022-02-26 16:16:36.669  WARN 17653 --- [nio-8881-exec-9] .w.s.m.s.DefaultHandlerExceptionResolver : Resolved [org.springframework.web.bind.MethodArgumentNotValidException: Validation failed for argument [0] in org.springframework.http.ResponseEntity<recipes.recipe.dto.RecipeDtoSaved> recipes.recipe.RecipeController.addRecipe(recipes.recipe.dto.RecipeDto,org.springframework.security.core.userdetails.UserDetails): [Field error in object 'recipeDto' on field 'directions': rejected value [{}]; codes [NotEmpty.recipeDto.directions,NotEmpty.directions,NotEmpty.[Ljava.lang.String;,NotEmpty]; arguments [org.springframework.context.support.DefaultMessageSourceResolvable: codes [recipeDto.directions,directions]; arguments []; default message [directions]]; default message [must not be empty]] ]
?[1;31m
Start test 53?[0m
2022-02-26 16:16:36.742  WARN 17653 --- [io-8881-exec-10] .w.s.m.s.DefaultHandlerExceptionResolver : Resolved [org.springframework.web.bind.MethodArgumentNotValidException: Validation failed for argument [1] in org.springframework.http.ResponseEntity<recipes.recipe.dto.RecipeDto> recipes.recipe.RecipeController.editRecipe(java.lang.Long,recipes.recipe.dto.RecipeDto,org.springframework.security.core.userdetails.UserDetails): [Field error in object 'recipeDto' on field 'name': rejected value [null]; codes [NotBlank.recipeDto.name,NotBlank.name,NotBlank.java.lang.String,NotBlank]; arguments [org.springframework.context.support.DefaultMessageSourceResolvable: codes [recipeDto.name,name]; arguments []; default message [name]]; default message [must not be blank]] ]
?[1;31m
Start test 54?[0m
2022-02-26 16:16:36.815  WARN 17653 --- [nio-8881-exec-1] .w.s.m.s.DefaultHandlerExceptionResolver : Resolved [org.springframework.web.bind.MethodArgumentNotValidException: Validation failed for argument [1] in org.springframework.http.ResponseEntity<recipes.recipe.dto.RecipeDto> recipes.recipe.RecipeController.editRecipe(java.lang.Long,recipes.recipe.dto.RecipeDto,org.springframework.security.core.userdetails.UserDetails): [Field error in object 'recipeDto' on field 'category': rejected value [null]; codes [NotBlank.recipeDto.category,NotBlank.category,NotBlank.java.lang.String,NotBlank]; arguments [org.springframework.context.support.DefaultMessageSourceResolvable: codes [recipeDto.category,category]; arguments []; default message [category]]; default message [must not be blank]] ]
?[1;31m
Start test 55?[0m
2022-02-26 16:16:36.889  WARN 17653 --- [nio-8881-exec-2] .w.s.m.s.DefaultHandlerExceptionResolver : Resolved [org.springframework.web.bind.MethodArgumentNotValidException: Validation failed for argument [1] in org.springframework.http.ResponseEntity<recipes.recipe.dto.RecipeDto> recipes.recipe.RecipeController.editRecipe(java.lang.Long,recipes.recipe.dto.RecipeDto,org.springframework.security.core.userdetails.UserDetails): [Field error in object 'recipeDto' on field 'description': rejected value [null]; codes [NotBlank.recipeDto.description,NotBlank.description,NotBlank.java.lang.String,NotBlank]; arguments [org.springframework.context.support.DefaultMessageSourceResolvable: codes [recipeDto.description,description]; arguments []; default message [description]]; default message [must not be blank]] ]
?[1;31m
Start test 56?[0m
2022-02-26 16:16:36.965  WARN 17653 --- [nio-8881-exec-3] .w.s.m.s.DefaultHandlerExceptionResolver : Resolved [org.springframework.web.bind.MethodArgumentNotValidException: Validation failed for argument [1] in org.springframework.http.ResponseEntity<recipes.recipe.dto.RecipeDto> recipes.recipe.RecipeController.editRecipe(java.lang.Long,recipes.recipe.dto.RecipeDto,org.springframework.security.core.userdetails.UserDetails): [Field error in object 'recipeDto' on field 'ingredients': rejected value [null]; codes [NotEmpty.recipeDto.ingredients,NotEmpty.ingredients,NotEmpty.[Ljava.lang.String;,NotEmpty]; arguments [org.springframework.context.support.DefaultMessageSourceResolvable: codes [recipeDto.ingredients,ingredients]; arguments []; default message [ingredients]]; default message [must not be empty]] ]
?[1;31m
Start test 57?[0m
2022-02-26 16:16:37.035  WARN 17653 --- [nio-8881-exec-4] .w.s.m.s.DefaultHandlerExceptionResolver : Resolved [org.springframework.web.bind.MethodArgumentNotValidException: Validation failed for argument [1] in org.springframework.http.ResponseEntity<recipes.recipe.dto.RecipeDto> recipes.recipe.RecipeController.editRecipe(java.lang.Long,recipes.recipe.dto.RecipeDto,org.springframework.security.core.userdetails.UserDetails): [Field error in object 'recipeDto' on field 'directions': rejected value [null]; codes [NotEmpty.recipeDto.directions,NotEmpty.directions,NotEmpty.[Ljava.lang.String;,NotEmpty]; arguments [org.springframework.context.support.DefaultMessageSourceResolvable: codes [recipeDto.directions,directions]; arguments []; default message [directions]]; default message [must not be empty]] ]
?[1;31m
Start test 58?[0m
2022-02-26 16:16:37.111  WARN 17653 --- [nio-8881-exec-5] .w.s.m.s.DefaultHandlerExceptionResolver : Resolved [org.springframework.web.bind.MethodArgumentNotValidException: Validation failed for argument [1] in org.springframework.http.ResponseEntity<recipes.recipe.dto.RecipeDto> recipes.recipe.RecipeController.editRecipe(java.lang.Long,recipes.recipe.dto.RecipeDto,org.springframework.security.core.userdetails.UserDetails): [Field error in object 'recipeDto' on field 'name': rejected value [  ]; codes [NotBlank.recipeDto.name,NotBlank.name,NotBlank.java.lang.String,NotBlank]; arguments [org.springframework.context.support.DefaultMessageSourceResolvable: codes [recipeDto.name,name]; arguments []; default message [name]]; default message [must not be blank]] ]
?[1;31m
Start test 59?[0m
2022-02-26 16:16:37.180  WARN 17653 --- [nio-8881-exec-6] .w.s.m.s.DefaultHandlerExceptionResolver : Resolved [org.springframework.web.bind.MethodArgumentNotValidException: Validation failed for argument [1] in org.springframework.http.ResponseEntity<recipes.recipe.dto.RecipeDto> recipes.recipe.RecipeController.editRecipe(java.lang.Long,recipes.recipe.dto.RecipeDto,org.springframework.security.core.userdetails.UserDetails): [Field error in object 'recipeDto' on field 'category': rejected value [  ]; codes [NotBlank.recipeDto.category,NotBlank.category,NotBlank.java.lang.String,NotBlank]; arguments [org.springframework.context.support.DefaultMessageSourceResolvable: codes [recipeDto.category,category]; arguments []; default message [category]]; default message [must not be blank]] ]
?[1;31m
Start test 60?[0m
2022-02-26 16:16:37.253  WARN 17653 --- [nio-8881-exec-7] .w.s.m.s.DefaultHandlerExceptionResolver : Resolved [org.springframework.web.bind.MethodArgumentNotValidException: Validation failed for argument [1] in org.springframework.http.ResponseEntity<recipes.recipe.dto.RecipeDto> recipes.recipe.RecipeController.editRecipe(java.lang.Long,recipes.recipe.dto.RecipeDto,org.springframework.security.core.userdetails.UserDetails): [Field error in object 'recipeDto' on field 'description': rejected value [  ]; codes [NotBlank.recipeDto.description,NotBlank.description,NotBlank.java.lang.String,NotBlank]; arguments [org.springframework.context.support.DefaultMessageSourceResolvable: codes [recipeDto.description,description]; arguments []; default message [description]]; default message [must not be blank]] ]
?[1;31m
Start test 61?[0m
2022-02-26 16:16:37.329  WARN 17653 --- [nio-8881-exec-8] .w.s.m.s.DefaultHandlerExceptionResolver : Resolved [org.springframework.web.bind.MethodArgumentNotValidException: Validation failed for argument [1] in org.springframework.http.ResponseEntity<recipes.recipe.dto.RecipeDto> recipes.recipe.RecipeController.editRecipe(java.lang.Long,recipes.recipe.dto.RecipeDto,org.springframework.security.core.userdetails.UserDetails): [Field error in object 'recipeDto' on field 'ingredients': rejected value [{}]; codes [NotEmpty.recipeDto.ingredients,NotEmpty.ingredients,NotEmpty.[Ljava.lang.String;,NotEmpty]; arguments [org.springframework.context.support.DefaultMessageSourceResolvable: codes [recipeDto.ingredients,ingredients]; arguments []; default message [ingredients]]; default message [must not be empty]] ]
?[1;31m
Start test 62?[0m
2022-02-26 16:16:37.405  WARN 17653 --- [nio-8881-exec-9] .w.s.m.s.DefaultHandlerExceptionResolver : Resolved [org.springframework.web.bind.MethodArgumentNotValidException: Validation failed for argument [1] in org.springframework.http.ResponseEntity<recipes.recipe.dto.RecipeDto> recipes.recipe.RecipeController.editRecipe(java.lang.Long,recipes.recipe.dto.RecipeDto,org.springframework.security.core.userdetails.UserDetails): [Field error in object 'recipeDto' on field 'directions': rejected value [{}]; codes [NotEmpty.recipeDto.directions,NotEmpty.directions,NotEmpty.[Ljava.lang.String;,NotEmpty]; arguments [org.springframework.context.support.DefaultMessageSourceResolvable: codes [recipeDto.directions,directions]; arguments []; default message [directions]]; default message [must not be empty]] ]
?[1;31m
Start test 63?[0m
2022-02-26 16:16:37.932  INFO 17653 --- [       Thread-7] j.LocalContainerEntityManagerFactoryBean : Closing JPA EntityManagerFactory for persistence unit 'default'
2022-02-26 16:16:37.933  INFO 17653 --- [       Thread-7] com.zaxxer.hikari.HikariDataSource       : HikariPool-2 - Shutdown initiated...
2022-02-26 16:16:37.977  INFO 17653 --- [       Thread-7] com.zaxxer.hikari.HikariDataSource       : HikariPool-2 - Shutdown completed.

  .   ____          _            __ _ _
 /\\ / ___'_ __ _ _(_)_ __  __ _ \ \ \ \
( ( )\___ | '_ | '_| | '_ \/ _` | \ \ \ \
 \\/  ___)| |_)| | | | | || (_| |  ) ) ) )
  '  |____| .__|_| |_|_| |_\__, | / / / /
 =========|_|==============|___/=/_/_/_/
 :: Spring Boot ::                (v2.5.6)

2022-02-26 16:16:38.045  INFO 17653 --- [    Test worker] recipes.RecipesApplication               : Starting RecipesApplication using Java 17.0.1 on bm with PID 17653 (started by bm in /home/bm/Pulpit/code/WebDev/SpringSecurity/Recipes/Recipes/task)
2022-02-26 16:16:38.045  INFO 17653 --- [    Test worker] recipes.RecipesApplication               : No active profile set, falling back to default profiles: default
2022-02-26 16:16:38.211  INFO 17653 --- [    Test worker] .s.d.r.c.RepositoryConfigurationDelegate : Bootstrapping Spring Data JPA repositories in DEFAULT mode.
2022-02-26 16:16:38.216  INFO 17653 --- [    Test worker] .s.d.r.c.RepositoryConfigurationDelegate : Finished Spring Data repository scanning in 4 ms. Found 2 JPA repository interfaces.
2022-02-26 16:16:38.257  INFO 17653 --- [    Test worker] trationDelegate$BeanPostProcessorChecker : Bean 'org.springframework.security.access.expression.method.DefaultMethodSecurityExpressionHandler@3d0f2154' of type [org.springframework.security.access.expression.method.DefaultMethodSecurityExpressionHandler] is not eligible for getting processed by all BeanPostProcessors (for example: not eligible for auto-proxying)
2022-02-26 16:16:38.258  INFO 17653 --- [    Test worker] trationDelegate$BeanPostProcessorChecker : Bean 'methodSecurityMetadataSource' of type [org.springframework.security.access.method.DelegatingMethodSecurityMetadataSource] is not eligible for getting processed by all BeanPostProcessors (for example: not eligible for auto-proxying)
2022-02-26 16:16:38.282  INFO 17653 --- [    Test worker] o.s.b.w.embedded.tomcat.TomcatWebServer  : Tomcat initialized with port(s): 8881 (http)
2022-02-26 16:16:38.283  INFO 17653 --- [    Test worker] o.apache.catalina.core.StandardService   : Starting service [Tomcat]
2022-02-26 16:16:38.283  INFO 17653 --- [    Test worker] org.apache.catalina.core.StandardEngine  : Starting Servlet engine: [Apache Tomcat/9.0.54]
2022-02-26 16:16:38.292  INFO 17653 --- [    Test worker] o.a.c.c.C.[Tomcat].[localhost].[/]       : Initializing Spring embedded WebApplicationContext
2022-02-26 16:16:38.292  INFO 17653 --- [    Test worker] w.s.c.ServletWebServerApplicationContext : Root WebApplicationContext: initialization completed in 245 ms
2022-02-26 16:16:38.320  INFO 17653 --- [    Test worker] com.zaxxer.hikari.HikariDataSource       : HikariPool-3 - Starting...
2022-02-26 16:16:38.325  INFO 17653 --- [    Test worker] com.zaxxer.hikari.HikariDataSource       : HikariPool-3 - Start completed.
2022-02-26 16:16:38.325  INFO 17653 --- [    Test worker] o.s.b.a.h2.H2ConsoleAutoConfiguration    : H2 console available at '/h2-console'. Database available at 'jdbc:h2:file:../recipes_db'
2022-02-26 16:16:38.355  INFO 17653 --- [    Test worker] o.hibernate.jpa.internal.util.LogHelper  : HHH000204: Processing PersistenceUnitInfo [name: default]
2022-02-26 16:16:38.357  INFO 17653 --- [    Test worker] org.hibernate.dialect.Dialect            : HHH000400: Using dialect: org.hibernate.dialect.H2Dialect
2022-02-26 16:16:38.411  INFO 17653 --- [    Test worker] o.h.e.t.j.p.i.JtaPlatformInitiator       : HHH000490: Using JtaPlatform implementation: [org.hibernate.engine.transaction.jta.platform.internal.NoJtaPlatform]
2022-02-26 16:16:38.411  INFO 17653 --- [    Test worker] j.LocalContainerEntityManagerFactoryBean : Initialized JPA EntityManagerFactory for persistence unit 'default'
2022-02-26 16:16:38.489  WARN 17653 --- [    Test worker] JpaBaseConfiguration$JpaWebConfiguration : spring.jpa.open-in-view is enabled by default. Therefore, database queries may be performed during view rendering. Explicitly configure spring.jpa.open-in-view to disable this warning
2022-02-26 16:16:38.511  INFO 17653 --- [    Test worker] o.s.s.web.DefaultSecurityFilterChain     : Will secure any request with [org.springframework.security.web.context.request.async.WebAsyncManagerIntegrationFilter@355e1080, org.springframework.security.web.context.SecurityContextPersistenceFilter@7e5b449c, org.springframework.security.web.header.HeaderWriterFilter@15db4dc, org.springframework.security.web.authentication.logout.LogoutFilter@4d248692, org.springframework.security.web.authentication.www.BasicAuthenticationFilter@5811f080, org.springframework.security.web.savedrequest.RequestCacheAwareFilter@75fdbd71, org.springframework.security.web.servletapi.SecurityContextHolderAwareRequestFilter@7e1f88e2, org.springframework.security.web.authentication.AnonymousAuthenticationFilter@2aef651, org.springframework.security.web.session.SessionManagementFilter@2b778004, org.springframework.security.web.access.ExceptionTranslationFilter@79de9f90, org.springframework.security.web.access.intercept.FilterSecurityInterceptor@7edb2a4b]
2022-02-26 16:16:38.635  INFO 17653 --- [    Test worker] o.s.b.a.e.web.EndpointLinksResolver      : Exposing 14 endpoint(s) beneath base path '/actuator'
2022-02-26 16:16:38.648  INFO 17653 --- [    Test worker] o.s.b.w.embedded.tomcat.TomcatWebServer  : Tomcat started on port(s): 8881 (http) with context path ''
2022-02-26 16:16:38.652  INFO 17653 --- [    Test worker] recipes.RecipesApplication               : Started RecipesApplication in 0.629 seconds (JVM running for 12.534)
?[1;31m
Start test 64?[0m
2022-02-26 16:16:38.657  INFO 17653 --- [nio-8881-exec-1] o.a.c.c.C.[Tomcat].[localhost].[/]       : Initializing Spring DispatcherServlet 'dispatcherServlet'
2022-02-26 16:16:38.657  INFO 17653 --- [nio-8881-exec-1] o.s.web.servlet.DispatcherServlet        : Initializing Servlet 'dispatcherServlet'
2022-02-26 16:16:38.658  INFO 17653 --- [nio-8881-exec-1] o.s.web.servlet.DispatcherServlet        : Completed initialization in 1 ms
?[1;31m
Start test 65?[0m
?[1;31m
Start test 66?[0m
?[1;31m
Start test 67?[0m
?[1;31m
Start test 68?[0m
?[1;31m
Start test 69?[0m
?[1;31m
Start test 70?[0m
?[1;31m
Start test 71?[0m
?[1;31m
Start test 72?[0m
?[1;31m
Start test 73?[0m
?[1;31m
Start test 74?[0m
?[1;31m
Start test 75?[0m
?[1;31m
Start test 76?[0m
?[1;31m
Start test 77?[0m
?[1;31m
Start test 78?[0m
?[1;31m
Start test 79?[0m
?[1;31m
Start test 80?[0m
?[1;31m
Start test 81?[0m
]]></system-out>
  <system-err><![CDATA[]]></system-err>
</testsuite>
